Library/build/intermediates/manifest_merge_blame_file/debug/manifest-merger-blame-debug-report.txt
1<?xml version="1.0" encoding="utf-8"?>
2<manifest xmlns:android="http://schemas.android.com/apk/res/android"
3    package="zuo.biao.library"
4    android:versionCode="1"
5    android:versionName="0.1.0" > <!-- 复制粘贴到你的工程的AndroidManifest.xml内对应位置 >>>>>>>>>>>>>>>>>>>>>>>>>>>>>>>>>>>>>>>>>>>>>>>>>>>>>>>>>>>>>>>> -->
6    <uses-sdk
7        android:minSdkVersion="22"
7-->src\main\AndroidManifest.xml
8        android:targetSdkVersion="30" />
8-->src\main\AndroidManifest.xml
9
10    <!-- 复制粘贴到你的工程的AndroidManifest.xml内对应位置 <<<<<<<<<<<<<<<<<<<<<<<<<<<<<<<<<<<<<<<<<<<<<<<<<<<<<<<<<<<<<<<<< -->
11
12
13    <!-- 需要的权限 <<<<<<<<<<<<<<<<<<<<<<<<<<<<<<<<<<<<<<<<<<<<<<<<<<<<<<<<<<<<< -->
14    <uses-permission android:name="android.permission.READ_EXTERNAL_STORAGE" />
14-->src\main\AndroidManifest.xml:8:5-80
14-->src\main\AndroidManifest.xml:8:22-77
15    <uses-permission android:name="android.permission.WRITE_EXTERNAL_STORAGE" />
15-->src\main\AndroidManifest.xml:9:5-81
15-->src\main\AndroidManifest.xml:9:22-78
16    <uses-permission android:name="android.permission.INTERNET" />
16-->src\main\AndroidManifest.xml:10:5-67
16-->src\main\AndroidManifest.xml:10:22-64
17    <!-- CommonUtil等类的部分功能需要，不需要的功能对应的权限可不复制粘贴 <<<<<< -->
18    <uses-permission android:name="android.permission.ACCESS_NETWORK_STATE" />
18-->src\main\AndroidManifest.xml:12:5-79
18-->src\main\AndroidManifest.xml:12:22-76
19    <uses-permission android:name="android.permission.ACCESS_WIFI_STATE" />
19-->src\main\AndroidManifest.xml:13:5-76
19-->src\main\AndroidManifest.xml:13:22-73
20    <uses-permission android:name="android.permission.ACCESS_FINE_LOCATION" />
20-->src\main\AndroidManifest.xml:14:5-79
20-->src\main\AndroidManifest.xml:14:22-76
21    <uses-permission android:name="android.permission.CAMERA" />
21-->src\main\AndroidManifest.xml:15:5-65
21-->src\main\AndroidManifest.xml:15:22-62
22    <uses-permission android:name="android.permission.CALL_PHONE" />
22-->src\main\AndroidManifest.xml:16:5-69
22-->src\main\AndroidManifest.xml:16:22-66
23    <uses-permission android:name="android.permission.SEND_SMS" />
23-->src\main\AndroidManifest.xml:17:5-67
23-->src\main\AndroidManifest.xml:17:22-64
24
25    <!-- CommonUtil等类的部分功能需要，不需要的功能对应的权限可不复制粘贴 >>>>>> -->
26    <!-- 需要的权限 >>>>>>>>>>>>>>>>>>>>>>>>>>>>>>>>>>>>>>>>>>>>>>>>>>>>>>>>>>>> -->
27    <application android:label="@string/app_name" >
27-->src\main\AndroidManifest.xml:21:5-82:19
27-->src\main\AndroidManifest.xml:22:9-41
28
29        <!-- 更好的适配全面屏 >>>>>>>>>>>>>>>>>>>>>>>>>>>>>>>>>>>>>>>>>>>>>>> -->
30        <meta-data
30-->src\main\AndroidManifest.xml:25:9-76
31            android:name="android.max_aspect"
31-->src\main\AndroidManifest.xml:25:20-53
32            android:value="2.1" />
32-->src\main\AndroidManifest.xml:25:54-73
33
34        <activity
34-->src\main\AndroidManifest.xml:27:9-31:63
35            android:name="zuo.biao.library.ui.SelectPictureActivity"
35-->src\main\AndroidManifest.xml:28:13-69
36            android:screenOrientation="fullSensor"
36-->src\main\AndroidManifest.xml:29:13-51
37            android:theme="@style/WindowCompleteAlpha"
37-->src\main\AndroidManifest.xml:30:13-55
38            android:windowSoftInputMode="stateAlwaysHidden" />
38-->src\main\AndroidManifest.xml:31:13-60
39        <activity
39-->src\main\AndroidManifest.xml:32:9-36:63
40            android:name="zuo.biao.library.ui.CutPictureActivity"
40-->src\main\AndroidManifest.xml:33:13-66
41            android:screenOrientation="fullSensor"
41-->src\main\AndroidManifest.xml:34:13-51
42            android:theme="@style/Window"
42-->src\main\AndroidManifest.xml:35:13-42
43            android:windowSoftInputMode="stateAlwaysHidden" />
43-->src\main\AndroidManifest.xml:36:13-60
44        <activity
44-->src\main\AndroidManifest.xml:37:9-41:88
45            android:name="zuo.biao.library.ui.WebViewActivity"
45-->src\main\AndroidManifest.xml:38:13-63
46            android:launchMode="singleTop"
46-->src\main\AndroidManifest.xml:39:13-43
47            android:screenOrientation="fullSensor"
47-->src\main\AndroidManifest.xml:40:13-51
48            android:windowSoftInputMode="stateHidden|adjustResize|adjustUnspecified" />
48-->src\main\AndroidManifest.xml:41:13-85
49        <activity
49-->src\main\AndroidManifest.xml:42:9-45:86
50            android:name="zuo.biao.library.ui.EditTextInfoActivity"
50-->src\main\AndroidManifest.xml:43:13-68
51            android:screenOrientation="fullSensor"
51-->src\main\AndroidManifest.xml:44:13-51
52            android:windowSoftInputMode="stateVisible|adjustPan|adjustUnspecified" />
52-->src\main\AndroidManifest.xml:45:13-83
53        <activity
53-->src\main\AndroidManifest.xml:46:9-49:57
54            android:name="zuo.biao.library.ui.ServerSettingActivity"
54-->src\main\AndroidManifest.xml:47:13-69
55            android:screenOrientation="fullSensor"
55-->src\main\AndroidManifest.xml:48:13-51
56            android:windowSoftInputMode="stateHidden" />
56-->src\main\AndroidManifest.xml:49:13-54
57        <activity
57-->src\main\AndroidManifest.xml:50:9-54:63
58            android:name="zuo.biao.library.ui.TopMenuWindow"
58-->src\main\AndroidManifest.xml:51:13-61
59            android:screenOrientation="fullSensor"
59-->src\main\AndroidManifest.xml:52:13-51
60            android:theme="@style/Window"
60-->src\main\AndroidManifest.xml:53:13-42
61            android:windowSoftInputMode="stateAlwaysHidden" />
61-->src\main\AndroidManifest.xml:54:13-60
62        <activity
62-->src\main\AndroidManifest.xml:55:9-59:63
63            android:name="zuo.biao.library.ui.BottomMenuWindow"
63-->src\main\AndroidManifest.xml:56:13-64
64            android:screenOrientation="fullSensor"
64-->src\main\AndroidManifest.xml:58:13-51
65            android:theme="@style/Window"
65-->src\main\AndroidManifest.xml:57:13-42
66            android:windowSoftInputMode="stateAlwaysHidden" />
66-->src\main\AndroidManifest.xml:59:13-60
67        <activity
67-->src\main\AndroidManifest.xml:60:9-64:89
68            android:name="zuo.biao.library.ui.EditTextInfoWindow"
68-->src\main\AndroidManifest.xml:61:13-66
69            android:screenOrientation="fullSensor"
69-->src\main\AndroidManifest.xml:63:13-51
70            android:theme="@style/Window"
70-->src\main\AndroidManifest.xml:62:13-42
71            android:windowSoftInputMode="stateVisible|adjustResize|adjustUnspecified" />
71-->src\main\AndroidManifest.xml:64:13-86
72        <activity
72-->src\main\AndroidManifest.xml:65:9-69:63
73            android:name="zuo.biao.library.ui.PlacePickerWindow"
73-->src\main\AndroidManifest.xml:66:13-65
74            android:screenOrientation="fullSensor"
74-->src\main\AndroidManifest.xml:67:13-51
75            android:theme="@style/Window"
75-->src\main\AndroidManifest.xml:68:13-42
76            android:windowSoftInputMode="stateAlwaysHidden" />
76-->src\main\AndroidManifest.xml:69:13-60
77        <activity
77-->src\main\AndroidManifest.xml:70:9-74:63
78            android:name="zuo.biao.library.ui.DatePickerWindow"
78-->src\main\AndroidManifest.xml:71:13-64
79            android:screenOrientation="fullSensor"
79-->src\main\AndroidManifest.xml:72:13-51
80            android:theme="@style/Window"
80-->src\main\AndroidManifest.xml:73:13-42
81            android:windowSoftInputMode="stateAlwaysHidden" />
81-->src\main\AndroidManifest.xml:74:13-60
82        <activity
82-->src\main\AndroidManifest.xml:75:9-79:63
83            android:name="zuo.biao.library.ui.TimePickerWindow"
83-->src\main\AndroidManifest.xml:76:13-64
84            android:screenOrientation="fullSensor"
84-->src\main\AndroidManifest.xml:77:13-51
85            android:theme="@style/Window"
85-->src\main\AndroidManifest.xml:78:13-42
86            android:windowSoftInputMode="stateAlwaysHidden" />
86-->src\main\AndroidManifest.xml:79:13-60
87        <activity android:name="zuo.biao.library.base.BaseHttpRecyclerActivity" />
87-->src\main\AndroidManifest.xml:80:9-67
87-->src\main\AndroidManifest.xml:80:19-64
88    </application>
89
90</manifest>